2024-05-10 13:04:01.635 [info] Reading sessions from keychain...
2024-05-10 13:04:01.636 [info] Getting sessions for all scopes...
2024-05-10 13:04:01.636 [info] Getting sessions for all scopes...
2024-05-10 13:04:01.636 [info] Getting sessions for all scopes...
2024-05-10 13:04:01.638 [info] Getting sessions for read:user,repo,user:email,workflow...
2024-05-10 13:04:01.754 [info] Got 0 sessions for ...
2024-05-10 13:04:01.754 [info] Got 0 sessions for ...
2024-05-10 13:04:01.754 [info] Got 0 sessions for ...
2024-05-10 13:04:01.754 [info] Got 0 sessions for read:user,repo,user:email,workflow...
2024-05-10 13:04:03.688 [info] Logging in for the following scopes: read:user repo user:email workflow
2024-05-10 13:04:03.702 [info] Trying without local server... (read:user repo user:email workflow)
2024-05-10 13:04:54.615 [info] Exchanging code for token...
2024-05-10 13:04:55.034 [info] Token exchange success!
2024-05-10 13:04:55.040 [info] Getting user info...
2024-05-10 13:04:55.541 [info] Got account info!
2024-05-10 13:04:55.544 [info] Storing 1 sessions...
2024-05-10 13:04:55.551 [info] Reading sessions from keychain...
2024-05-10 13:04:55.553 [info] Stored 1 sessions!
2024-05-10 13:04:55.554 [info] Login success!
2024-05-10 13:04:55.579 [info] Got stored sessions!
2024-05-10 13:04:55.579 [info] Got 1 verified sessions.
